<?xml version="1.0" encoding="UTF-8"?>
<!-- Generated by org.testng.reporters.JUnitXMLReporter -->
<testsuite ignored="0" hostname="LAPTOP-9RN6IOSL" failures="0" tests="4" name="Default test" time="10.237" errors="0" timestamp="18 Aug 2022 05:03:09 GMT">
  <testcase classname="Org.PetStore.PetStore" name="findpetstatus" time="1.379"/>
  <testcase classname="Org.PetStore.PetStore" name="findpetstatus" time="1.851"/>
  <testcase classname="Org.PetStore.PetStore" name="findpetstatus" time="1.227"/>
  <testcase classname="Org.PetStore.PetStore" name="put" time="1.212"/>
</testsuite> <!-- Default test -->
